-------------------------------------------------------------------------------
Test set: CourierTest
-------------------------------------------------------------------------------
Tests run: 7, Failures: 1, Errors: 0, Skipped: 0, Time elapsed: 5.205 s <<< FAILURE! - in CourierTest
courierCanNotBeCreatedTwiceWithTheSameLogin(CourierTest)  Time elapsed: 0.494 s  <<< FAILURE!
java.lang.AssertionError: 
1 expectation failed.
JSON path message doesn't match.
Expected: Этот логин уже используется
  Actual: Этот логин уже используется. Попробуйте другой.

	at CourierTest.courierCanNotBeCreatedTwiceWithTheSameLogin(CourierTest.java:48)

