<?xml version="1.0" encoding="UTF-8"?>
<testsuite xmlns:xsi="http://www.w3.org/2001/XMLSchema-instance" xsi:noNamespaceSchemaLocation="https://maven.apache.org/surefire/maven-surefire-plugin/xsd/surefire-test-report.xsd" name="ParameterizedOrderTest" time="0.94" tests="3" errors="0" skipped="0" failures="0">
  <properties>
[...]
</properties>
  <testcase name="orderCanBeCreated[test create order without color]" classname="ParameterizedOrderTest" time="0.334"/>
  <testcase name="orderCanBeCreated[test create order with grey color]" classname="ParameterizedOrderTest" time="0.306"/>
  <testcase name="orderCanBeCreated[test create order with both colors]" classname="ParameterizedOrderTest" time="0.289"/>
</testsuite>